<?xml version="1.0" encoding="UTF-8"?>
<!-- Generated by org.testng.reporters.JUnitXMLReporter -->
<testsuite hostname="Jagannath.local" ignored="0" name="Default test" tests="4" failures="0" timestamp="20 Jun 2017 06:51:34 GMT" time="78.211" errors="0">
  <testcase name="verifyLoginElements" time="0.009" classname="test.TestNavigation"/>
  <testcase name="loginToApp" time="22.776" classname="test.TestNavigation"/>
  <testcase name="verifyMyCourse" time="5.001" classname="test.TestNavigation"/>
  <testcase name="verifyLogout" time="18.414" classname="test.TestNavigation"/>
</testsuite> <!-- Default test -->
