<?xml version="1.0" encoding="UTF-8"?>
<!-- Generated by org.testng.reporters.JUnitXMLReporter -->
<testsuite hostname="Macbook-pro.local" ignored="0" name="Simplilearn1" tests="4" failures="0" timestamp="13 Apr 2017 20:07:55 GMT" time="0.1" errors="0">
  <testcase name="@BeforeClass beforeClass" time="0.045" classname="test.TestNavigation">
    <failure type="java.lang.RuntimeException" message="Failed to find ANDROID_HOME,make sure enviroment variable is set for ANDROID_HOME">
      <![CDATA[java.lang.RuntimeException: Failed to find ANDROID_HOME,make sure enviroment variable is set for ANDROID_HOME
	at com.foundation.coreManager.ServerManager.getAndroidHome(ServerManager.java:15)
	at com.foundation.core.ADB.command(ADB.java:20)
	at com.foundation.core.ADB.getConnectedDevices(ADB.java:44)
	at com.foundation.coreManager.DriverManager.getAvailableDevices(DriverManager.java:64)
	at com.foundation.coreManager.DriverManager.createDriver(DriverManager.java:113)
	at com.api.apps.simplilearn.Simplilearn.open(Simplilearn.java:30)
	at test.TestNavigation.beforeClass(TestNavigation.java:23)
... Removed 25 stack frames]]>
    </failure>
  </testcase> <!-- @BeforeClass beforeClass -->
  <testcase name="test1" time="0.0" classname="test.TestNavigation">
    <skipped/>
  </testcase> <!-- test1 -->
  <testcase name="test2" time="0.0" classname="test.TestNavigation">
    <skipped/>
  </testcase> <!-- test2 -->
  <testcase name="test3" time="0.0" classname="test.TestNavigation">
    <skipped/>
  </testcase> <!-- test3 -->
  <testcase name="after" time="0.0" classname="test.TestNavigation">
    <skipped/>
  </testcase> <!-- after -->
</testsuite> <!-- Simplilearn1 -->
