<?xml version="1.0" encoding="UTF-8"?>
<!-- Generated by org.testng.reporters.JUnitXMLReporter -->
<testsuite hostname="Jagannath.local" ignored="0" name="Simplilearn Android Automation" tests="4" failures="0" timestamp="26 Jun 2017 13:00:53 GMT" time="75.87" errors="0">
  <testcase name="verifyLoginElements" time="0.01" classname="test.TestNavigation"/>
  <testcase name="loginToApp" time="22.806" classname="test.TestNavigation"/>
  <testcase name="verifyMyCourse" time="5.005" classname="test.TestNavigation"/>
  <testcase name="verifyLogout" time="17.935" classname="test.TestNavigation"/>
</testsuite> <!-- Simplilearn Android Automation -->
