<?xml version="1.0" encoding="UTF-8"?>
<!-- Generated by org.testng.reporters.JUnitXMLReporter -->
<testsuite hostname="Jagannath.local" ignored="0" name="Simplilearn" tests="4" failures="0" timestamp="26 Jun 2017 08:22:55 GMT" time="76.763" errors="0">
  <testcase name="verifyLoginElements" time="0.008" classname="test.TestNavigation"/>
  <testcase name="loginToApp" time="22.07" classname="test.TestNavigation"/>
  <testcase name="verifyMyCourse" time="5.007" classname="test.TestNavigation"/>
  <testcase name="verifyLogout" time="18.854" classname="test.TestNavigation"/>
</testsuite> <!-- Simplilearn -->
