<?xml version="1.0" encoding="UTF-8"?>
<!-- Generated by org.testng.reporters.JUnitXMLReporter -->
<testsuite hostname="Macbook-pro.local" ignored="0" name="Simplilearn" tests="4" failures="0" timestamp="13 Apr 2017 19:15:37 GMT" time="0.104" errors="0">
  <testcase name="@BeforeTest before" time="0.0" classname="test.TestNavigation">
    <skipped/>
  </testcase> <!-- @BeforeTest before -->
  <testcase name="@BeforeClass beforeClass" time="0.0" classname="test.TestNavigation">
    <skipped/>
  </testcase> <!-- @BeforeClass beforeClass -->
  <testcase name="test1" time="0.0" classname="test.TestNavigation">
    <skipped/>
  </testcase> <!-- test1 -->
  <testcase name="test2" time="0.0" classname="test.TestNavigation">
    <skipped/>
  </testcase> <!-- test2 -->
  <testcase name="test3" time="0.0" classname="test.TestNavigation">
    <skipped/>
  </testcase> <!-- test3 -->
  <testcase name="after" time="0.0" classname="test.TestNavigation">
    <skipped/>
  </testcase> <!-- after -->
</testsuite> <!-- Simplilearn -->
