<?xml version="1.0" encoding="UTF-8"?>
<!-- Generated by org.testng.reporters.JUnitXMLReporter -->
<testsuite hostname="Macbook-pro.local" ignored="0" name="Simplilearn" tests="4" failures="0" timestamp="05 Jun 2017 13:15:00 GMT" time="90.177" errors="0">
  <testcase name="verifyLoginElements" time="0.011" classname="test.TestNavigation"/>
  <testcase name="loginToApp" time="31.947" classname="test.TestNavigation"/>
  <testcase name="verifyMyCourse" time="5.005" classname="test.TestNavigation"/>
  <testcase name="verifyLogout" time="17.505" classname="test.TestNavigation"/>
</testsuite> <!-- Simplilearn -->
