<?xml version="1.0" encoding="UTF-8"?>
<!-- Generated by org.testng.reporters.JUnitXMLReporter -->
<testsuite hostname="Macbook-pro.local" name="Test" tests="3" failures="0" timestamp="31 Mar 2017 09:37:16 GMT" time="0.271" errors="0">
  <testcase name="@BeforeClass beforeClass" time="0.0" classname="test.TestNavigation">
    <failure type="java.lang.RuntimeException" message="Failed to find ANDROID_HOME,make sure enviroment variable is set for ANDROID_HOME">
      <![CDATA[java.lang.RuntimeException: Failed to find ANDROID_HOME,make sure enviroment variable is set for ANDROID_HOME
	at com.foundation.coreManager.ServerManager.getAndroidHome(ServerManager.java:15)
	at com.foundation.core.ADB.command(ADB.java:19)
	at com.foundation.core.ADB.getConnectedDevices(ADB.java:42)
	at com.foundation.coreManager.DriverManager.getAvailableDevices(DriverManager.java:62)
	at com.foundation.coreManager.DriverManager.createDriver(DriverManager.java:101)
	at com.api.apps.simplilearn.Simplilearn.open(Simplilearn.java:30)
	at test.TestNavigation.beforeClass(TestNavigation.java:29)
... Removed 25 stack frames]]>
    </failure>
  </testcase> <!-- @BeforeClass beforeClass -->
  <testcase name="@AfterTest after" time="0.0" classname="test.TestNavigation">
    <skipped/>
  </testcase> <!-- @AfterTest after -->
  <testcase name="test1" time="0.001" classname="test.TestNavigation">
    <skipped/>
  </testcase> <!-- test1 -->
  <testcase name="test2" time="0.002" classname="test.TestNavigation">
    <skipped/>
  </testcase> <!-- test2 -->
  <testcase name="test3" time="0.001" classname="test.TestNavigation">
    <skipped/>
  </testcase> <!-- test3 -->
</testsuite> <!-- Test -->
